<?xml version="1.0" encoding="UTF-8"?>
<!-- Generated by org.testng.reporters.JUnitXMLReporter -->
<testsuite hostname="miguel-ThinkPad-X260" failures="0" tests="17" name="Default test" time="0.088" errors="0" timestamp="11 Mar 2019 00:32:05 GMT">
  <testcase classname="test.MapTest" name="testClear" time="0.013"/>
  <testcase classname="test.MapTest" name="testContainsKey" time="0.001"/>
  <testcase classname="test.MapTest" name="testContainsValue" time="0.0"/>
  <testcase classname="test.MapTest" name="testEmpty" time="0.0"/>
  <testcase classname="test.MapTest" name="testGet" time="0.001"/>
  <testcase classname="test.MapTest" name="testGetDefault" time="0.0"/>
  <testcase classname="test.MapTest" name="testKeyCollection" time="0.0"/>
  <testcase classname="test.MapTest" name="testPut" time="0.0"/>
  <testcase classname="test.MapTest" name="testPutNull" time="0.001"/>
  <testcase classname="test.MapTest" name="testRemove" time="0.0"/>
  <testcase classname="test.MapTest" name="testRemoveNotInMap" time="0.001"/>
  <testcase classname="test.MapTest" name="testRemoveNull" time="0.0"/>
  <testcase classname="test.MapTest" name="testReplace" time="0.0"/>
  <testcase classname="test.MapTest" name="testReplaceNotInMap" time="0.001"/>
  <testcase classname="test.MapTest" name="testReplaceNull" time="0.0"/>
  <testcase classname="test.MapTest" name="testSize" time="0.0"/>
  <testcase classname="test.MapTest" name="testValueCollection" time="0.0"/>
</testsuite> <!-- Default test -->
